<?xml version="1.0" encoding="UTF-8" ?>
<testsuite tests="23" failures="0" name="com.alanpeinejr.authservice.AuthenticationServiceTest" time="10.243" errors="0" skipped="0">
  <properties>
    <property name="idea.version" value="2022.1.2"/>
    <property name="java.runtime.name" value="OpenJDK Runtime Environment"/>
    <property name="java.vm.version" value="18.0.1+10"/>
    <property name="sun.boot.library.path" value="C:\Users\Alan\.jdks\temurin-18.0.1\bin"/>
    <property name="maven.multiModuleProjectDirectory" value="D:\projects\hsbc\auth-api-hsbc"/>
    <property name="java.vm.vendor" value="Eclipse Adoptium"/>
    <property name="java.vendor.url" value="https://adoptium.net/"/>
    <property name="guice.disable.misplaced.annotation.check" value="true"/>
    <property name="path.separator" value=";"/>
    <property name="java.vm.name" value="OpenJDK 64-Bit Server VM"/>
    <property name="sun.os.patch.level" value=""/>
    <property name="user.script" value=""/>
    <property name="user.country" value="US"/>
    <property name="sun.java.launcher" value="SUN_STANDARD"/>
    <property name="java.vm.specification.name" value="Java Virtual Machine Specification"/>
    <property name="user.dir" value="D:\projects\hsbc\auth-api-hsbc"/>
    <property name="java.vm.compressedOopsMode" value="Zero based"/>
    <property name="java.runtime.version" value="18.0.1+10"/>
    <property name="os.arch" value="amd64"/>
    <property name="java.io.tmpdir" value="C:\Users\Alan\AppData\Local\Temp\"/>
    <property name="line.separator" value="
"/>
    <property name="java.vm.specification.vendor" value="Oracle Corporation"/>
    <property name="user.variant" value=""/>
    <property name="os.name" value="Windows 10"/>
    <property name="maven.ext.class.path" value="C:\Program Files\JetBrains\IntelliJ IDEA 2022.1.2\plugins\maven\lib\maven-event-listener.jar"/>
    <property name="classworlds.conf" value="C:\Program Files\JetBrains\IntelliJ IDEA 2022.1.2\plugins\maven\lib\maven3\bin\m2.conf"/>
    <property name="sun.jnu.encoding" value="Cp1252"/>
    <property name="java.library.path" value="C:\Users\Alan\.jdks\temurin-18.0.1\bin;C:\WINDOWS\Sun\Java\bin;C:\WINDOWS\system32;C:\WINDOWS;C:\Program Files\Common Files\Oracle\Java\javapath;C:\Program Files (x86)\Common Files\Oracle\Java\javapath;C:\ProgramData\Oracle\Java\javapath;C:\WINDOWS\system32;C:\WINDOWS;C:\WINDOWS\System32\Wbem;C:\WINDOWS\System32\WindowsPowerShell\v1.0\;C:\WINDOWS\System32\OpenSSH\;C:\Program Files (x86)\NVIDIA Corporation\PhysX\Common;C:\Program Files\NVIDIA Corporation\NVIDIA NvDLISR;C:\WINDOWS\system32;C:\WINDOWS;C:\WINDOWS\System32\Wbem;C:\WINDOWS\System32\WindowsPowerShell\v1.0\;C:\WINDOWS\System32\OpenSSH\;C:\Program Files\PuTTY\;C:\Program Files\dotnet\;C:\Program Files\nodejs\;C:\ProgramData\chocolatey\bin;C:\Program Files\Go\bin;C:\Program Files (x86)\Calibre2\;C:\Program Files\Git\cmd;C:\Users\Alan\AppData\Local\Programs\Python\Python310\Scripts\;C:\Users\Alan\AppData\Local\Programs\Python\Python310\;C:\Users\Alan\AppData\Local\Microsoft\WindowsApps;C:\Users\Alan\AppData\Local\GitHubDesktop\bin;C:\Program Files (x86)\thrift;C:\pmd-bin-6.1.0\bin;C:\Users\Alan\AppData\Local\Microsoft\WindowsApps;$JAVA_HOME\bin;C:\Users\Alan\AppData\Local\Programs\sqlite;;C:\Users\Alan\AppData\Local\Programs\Microsoft VS Code\bin;C:\Users\Alan\AppData\Roaming\npm;C:\Users\Alan\go\bin;."/>
    <property name="maven.conf" value="C:\Program Files\JetBrains\IntelliJ IDEA 2022.1.2\plugins\maven\lib\maven3/conf"/>
    <property name="jdk.debug" value="release"/>
    <property name="java.class.version" value="62.0"/>
    <property name="java.specification.name" value="Java Platform API Specification"/>
    <property name="sun.management.compiler" value="HotSpot 64-Bit Tiered Compilers"/>
    <property name="os.version" value="10.0"/>
    <property name="user.home" value="C:\Users\Alan"/>
    <property name="user.timezone" value="America/Chicago"/>
    <property name="file.encoding" value="UTF-8"/>
    <property name="java.specification.version" value="18"/>
    <property name="user.name" value="Alan"/>
    <property name="java.class.path" value="C:\Program Files\JetBrains\IntelliJ IDEA 2022.1.2\plugins\maven\lib\maven3\boot\plexus-classworlds-2.6.0.jar;C:\Program Files\JetBrains\IntelliJ IDEA 2022.1.2\plugins\maven\lib\maven3\boot\plexus-classworlds.license"/>
    <property name="java.vm.specification.version" value="18"/>
    <property name="sun.arch.data.model" value="64"/>
    <property name="sun.java.command" value="org.codehaus.classworlds.Launcher -Didea.version=2022.1.2 test"/>
    <property name="java.home" value="C:\Users\Alan\.jdks\temurin-18.0.1"/>
    <property name="user.language" value="en"/>
    <property name="java.specification.vendor" value="Oracle Corporation"/>
    <property name="java.vm.info" value="mixed mode, sharing"/>
    <property name="java.version" value="18.0.1"/>
    <property name="native.encoding" value="Cp1252"/>
    <property name="java.vendor" value="Eclipse Adoptium"/>
    <property name="maven.home" value="C:\Program Files\JetBrains\IntelliJ IDEA 2022.1.2\plugins\maven\lib\maven3"/>
    <property name="file.separator" value="\"/>
    <property name="java.version.date" value="2022-04-19"/>
    <property name="java.vendor.url.bug" value="https://github.com/adoptium/adoptium-support/issues"/>
    <property name="sun.io.unicode.encoding" value="UnicodeLittle"/>
    <property name="sun.cpu.endian" value="little"/>
    <property name="java.vendor.version" value="Temurin-18.0.1+10"/>
    <property name="sun.cpu.isalist" value="amd64"/>
  </properties>
  <testcase classname="com.alanpeinejr.authservice.AuthenticationServiceTest" name="testAuthorizeNoUser" time="0.105"/>
  <testcase classname="com.alanpeinejr.authservice.AuthenticationServiceTest" name="testGetAllRolesOldToken" time="5.004"/>
  <testcase classname="com.alanpeinejr.authservice.AuthenticationServiceTest" name="testAuthorizeNoSuchRole" time="0.022"/>
  <testcase classname="com.alanpeinejr.authservice.AuthenticationServiceTest" name="testInvalidateError" time="0.002"/>
  <testcase classname="com.alanpeinejr.authservice.AuthenticationServiceTest" name="testCreateRoleError" time="0"/>
  <testcase classname="com.alanpeinejr.authservice.AuthenticationServiceTest" name="testCreateUserError" time="0.001"/>
  <testcase classname="com.alanpeinejr.authservice.AuthenticationServiceTest" name="testCreateRoleValid" time="0"/>
  <testcase classname="com.alanpeinejr.authservice.AuthenticationServiceTest" name="testCreateUserValid" time="0.001"/>
  <testcase classname="com.alanpeinejr.authservice.AuthenticationServiceTest" name="testAuthorizeValid" time="0.026"/>
  <testcase classname="com.alanpeinejr.authservice.AuthenticationServiceTest" name="testAuthorizeInvalidatedToken" time="0.015"/>
  <testcase classname="com.alanpeinejr.authservice.AuthenticationServiceTest" name="testAssignRoleToUserError" time="0.001"/>
  <testcase classname="com.alanpeinejr.authservice.AuthenticationServiceTest" name="testGetAllRolesValid" time="0.015"/>
  <testcase classname="com.alanpeinejr.authservice.AuthenticationServiceTest" name="testGetAllRolesInvalidatedToken" time="0.016"/>
  <testcase classname="com.alanpeinejr.authservice.AuthenticationServiceTest" name="testAuthenticateError" time="0.001"/>
  <testcase classname="com.alanpeinejr.authservice.AuthenticationServiceTest" name="testAuthenticateValid" time="0.002"/>
  <testcase classname="com.alanpeinejr.authservice.AuthenticationServiceTest" name="testDeleteRolesAreDeletedForUsers" time="0.013"/>
  <testcase classname="com.alanpeinejr.authservice.AuthenticationServiceTest" name="testAuthenticateInvalidPassword" time="0.001"/>
  <testcase classname="com.alanpeinejr.authservice.AuthenticationServiceTest" name="testDeleteRoleError" time="0.001"/>
  <testcase classname="com.alanpeinejr.authservice.AuthenticationServiceTest" name="testDeleteUserError" time="0"/>
  <testcase classname="com.alanpeinejr.authservice.AuthenticationServiceTest" name="testDeleteRoleValid" time="0"/>
  <testcase classname="com.alanpeinejr.authservice.AuthenticationServiceTest" name="testDeleteUserValid" time="0.001"/>
  <testcase classname="com.alanpeinejr.authservice.AuthenticationServiceTest" name="testGetAllRolesNoUser" time="0.013"/>
  <testcase classname="com.alanpeinejr.authservice.AuthenticationServiceTest" name="testAuthorizeOldToken" time="5.003"/>
</testsuite>